<?xml version="1.0" encoding="UTF-8"?>
<!-- Generated by org.testng.reporters.JUnitReportReporter -->
<testsuite skipped="1" hostname="tp3vdiw10dev205" name="com.demoproject.testCases.TC_LoginDDT_002" tests="1" failures="0" timestamp="15 May 2019 10:06:04 GMT" time="0.000" errors="0">
  <testcase name="loginDDT" time="0.000" classname="com.demoproject.testCases.TC_LoginDDT_002">
    <skipped/>
  </testcase> <!-- loginDDT -->
</testsuite> <!-- com.demoproject.testCases.TC_LoginDDT_002 -->
