<?xml version="1.0" encoding="UTF-8"?>
<!-- Generated by org.testng.reporters.JUnitReportReporter -->
<testsuite skipped="0" hostname="tp3vdiw10dev205" name="com.demoproject.testCases.TC_LoginTest_001" tests="1" failures="0" timestamp="16 May 2019 11:09:45 GMT" time="3.824" errors="0">
  <testcase name="loginTest" time="3.824" classname="com.demoproject.testCases.TC_LoginTest_001"/>
</testsuite> <!-- com.demoproject.testCases.TC_LoginTest_001 -->
